2017-03-08 16:37:27,481 ERROR: Exception on /edit [POST] [in /home/cabox/workspace/myvenv/local/lib/python2.7/site-packages/flask/app.py:1560]
Traceback (most recent call last):
  File "/home/cabox/workspace/myvenv/local/lib/python2.7/site-packages/flask/app.py", line 1982, in wsgi_app
    response = self.full_dispatch_request()
  File "/home/cabox/workspace/myvenv/local/lib/python2.7/site-packages/flask/app.py", line 1614, in full_dispatch_request
    rv = self.handle_user_exception(e)
  File "/home/cabox/workspace/myvenv/local/lib/python2.7/site-packages/flask/app.py", line 1517, in handle_user_exception
    reraise(exc_type, exc_value, tb)
  File "/home/cabox/workspace/myvenv/local/lib/python2.7/site-packages/flask/app.py", line 1612, in full_dispatch_request
    rv = self.dispatch_request()
  File "/home/cabox/workspace/myvenv/local/lib/python2.7/site-packages/flask/app.py", line 1598, in dispatch_request
    return self.view_functions[rule.endpoint](**req.view_args)
  File "/home/cabox/workspace/myvenv/local/lib/python2.7/site-packages/flask_login.py", line 792, in decorated_view
    return func(*args, **kwargs)
  File "/home/cabox/workspace/flaskapp/microblog-mysql/app/views.py", line 81, in edit
    db.session.commit()
  File "/home/cabox/workspace/myvenv/local/lib/python2.7/site-packages/sqlalchemy/orm/scoping.py", line 157, in do
    return getattr(self.registry(), name)(*args, **kwargs)
  File "/home/cabox/workspace/myvenv/local/lib/python2.7/site-packages/sqlalchemy/orm/session.py", line 874, in commit
    self.transaction.commit()
  File "/home/cabox/workspace/myvenv/local/lib/python2.7/site-packages/sqlalchemy/orm/session.py", line 461, in commit
    self._prepare_impl()
  File "/home/cabox/workspace/myvenv/local/lib/python2.7/site-packages/sqlalchemy/orm/session.py", line 441, in _prepare_impl
    self.session.flush()
  File "/home/cabox/workspace/myvenv/local/lib/python2.7/site-packages/sqlalchemy/orm/session.py", line 2139, in flush
    self._flush(objects)
  File "/home/cabox/workspace/myvenv/local/lib/python2.7/site-packages/sqlalchemy/orm/session.py", line 2259, in _flush
    transaction.rollback(_capture_exception=True)
  File "/home/cabox/workspace/myvenv/local/lib/python2.7/site-packages/sqlalchemy/util/langhelpers.py", line 60, in __exit__
    compat.reraise(exc_type, exc_value, exc_tb)
  File "/home/cabox/workspace/myvenv/local/lib/python2.7/site-packages/sqlalchemy/orm/session.py", line 2223, in _flush
    flush_context.execute()
  File "/home/cabox/workspace/myvenv/local/lib/python2.7/site-packages/sqlalchemy/orm/unitofwork.py", line 389, in execute
    rec.execute(self)
  File "/home/cabox/workspace/myvenv/local/lib/python2.7/site-packages/sqlalchemy/orm/unitofwork.py", line 548, in execute
    uow
  File "/home/cabox/workspace/myvenv/local/lib/python2.7/site-packages/sqlalchemy/orm/persistence.py", line 177, in save_obj
    mapper, table, update)
  File "/home/cabox/workspace/myvenv/local/lib/python2.7/site-packages/sqlalchemy/orm/persistence.py", line 737, in _emit_update_statements
    execute(statement, multiparams)
  File "/home/cabox/workspace/myvenv/local/lib/python2.7/site-packages/sqlalchemy/engine/base.py", line 945, in execute
    return meth(self, multiparams, params)
  File "/home/cabox/workspace/myvenv/local/lib/python2.7/site-packages/sqlalchemy/sql/elements.py", line 263, in _execute_on_connection
    return connection._execute_clauseelement(self, multiparams, params)
  File "/home/cabox/workspace/myvenv/local/lib/python2.7/site-packages/sqlalchemy/engine/base.py", line 1053, in _execute_clauseelement
    compiled_sql, distilled_params
  File "/home/cabox/workspace/myvenv/local/lib/python2.7/site-packages/sqlalchemy/engine/base.py", line 1189, in _execute_context
    context)
  File "/home/cabox/workspace/myvenv/local/lib/python2.7/site-packages/sqlalchemy/engine/base.py", line 1393, in _handle_dbapi_exception
    exc_info
  File "/home/cabox/workspace/myvenv/local/lib/python2.7/site-packages/sqlalchemy/util/compat.py", line 203, in raise_from_cause
    reraise(type(exception), exception, tb=exc_tb, cause=cause)
  File "/home/cabox/workspace/myvenv/local/lib/python2.7/site-packages/sqlalchemy/engine/base.py", line 1182, in _execute_context
    context)
  File "/home/cabox/workspace/myvenv/local/lib/python2.7/site-packages/sqlalchemy/engine/default.py", line 470, in do_execute
    cursor.execute(statement, parameters)
  File "/home/cabox/workspace/myvenv/local/lib/python2.7/site-packages/pymysql/cursors.py", line 166, in execute
    result = self._query(query)
  File "/home/cabox/workspace/myvenv/local/lib/python2.7/site-packages/pymysql/cursors.py", line 322, in _query
    conn.query(q)
  File "/home/cabox/workspace/myvenv/local/lib/python2.7/site-packages/pymysql/connections.py", line 852, in query
    self._affected_rows = self._read_query_result(unbuffered=unbuffered)
  File "/home/cabox/workspace/myvenv/local/lib/python2.7/site-packages/pymysql/connections.py", line 1053, in _read_query_result
    result.read()
  File "/home/cabox/workspace/myvenv/local/lib/python2.7/site-packages/pymysql/connections.py", line 1336, in read
    first_packet = self.connection._read_packet()
  File "/home/cabox/workspace/myvenv/local/lib/python2.7/site-packages/pymysql/connections.py", line 1010, in _read_packet
    packet.check_error()
  File "/home/cabox/workspace/myvenv/local/lib/python2.7/site-packages/pymysql/connections.py", line 393, in check_error
    err.raise_mysql_exception(self._data)
  File "/home/cabox/workspace/myvenv/local/lib/python2.7/site-packages/pymysql/err.py", line 107, in raise_mysql_exception
    raise errorclass(errno, errval)
IntegrityError: (pymysql.err.IntegrityError) (1062, u"Duplicate entry 'Manohar_BS' for key 'nickname'") [SQL: u'UPDATE users SET nickname=%(nickname)s, about_me=%(about_me)s WHERE users.id = %(users_id)s'] [parameters: {'users_id': 1, 'about_me': u'Hi everyone...!!!\r\n\r\nIts good to be here..  :)', 'nickname': u'Manohar_BS'}]
2017-03-08 17:14:49,127 INFO: microblog startup [in /home/cabox/workspace/flaskapp/microblog-mysql/app/mail.py:28]
2017-03-08 17:15:18,573 INFO: microblog startup [in /home/cabox/workspace/flaskapp/microblog-mysql/app/mail.py:28]
2017-03-09 10:10:41,409 INFO: microblog startup [in /home/cabox/workspace/flaskapp/microblog-mysql/app/mail.py:28]
2017-03-09 10:16:32,086 INFO: microblog startup [in /home/cabox/workspace/flaskapp/microblog-mysql/app/mail.py:28]
2017-03-09 10:16:45,150 INFO: microblog startup [in /home/cabox/workspace/flaskapp/microblog-mysql/app/mail.py:28]
2017-03-09 10:18:10,370 INFO: microblog startup [in /home/cabox/workspace/flaskapp/microblog-mysql/app/mail.py:28]
2017-03-09 10:18:18,452 ERROR: Exception on /callback/twitter [GET] [in /home/cabox/workspace/myvenv/local/lib/python2.7/site-packages/flask/app.py:1560]
Traceback (most recent call last):
  File "/home/cabox/workspace/myvenv/local/lib/python2.7/site-packages/flask/app.py", line 1982, in wsgi_app
    response = self.full_dispatch_request()
  File "/home/cabox/workspace/myvenv/local/lib/python2.7/site-packages/flask/app.py", line 1614, in full_dispatch_request
    rv = self.handle_user_exception(e)
  File "/home/cabox/workspace/myvenv/local/lib/python2.7/site-packages/flask/app.py", line 1517, in handle_user_exception
    reraise(exc_type, exc_value, tb)
  File "/home/cabox/workspace/myvenv/local/lib/python2.7/site-packages/flask/app.py", line 1612, in full_dispatch_request
    rv = self.dispatch_request()
  File "/home/cabox/workspace/myvenv/local/lib/python2.7/site-packages/flask/app.py", line 1598, in dispatch_request
    return self.view_functions[rule.endpoint](**req.view_args)
  File "/home/cabox/workspace/flaskapp/microblog-mysql/app/views.py", line 135, in oauth_callback
    after_login(user)
  File "/home/cabox/workspace/flaskapp/microblog-mysql/app/views.py", line 22, in after_login
    if user is None:
UnboundLocalError: local variable 'user' referenced before assignment
2017-03-09 10:20:21,250 INFO: microblog startup [in /home/cabox/workspace/flaskapp/microblog-mysql/app/mail.py:28]
2017-03-09 10:20:22,224 INFO: microblog startup [in /home/cabox/workspace/flaskapp/microblog-mysql/app/mail.py:28]
2017-03-09 10:21:24,813 INFO: microblog startup [in /home/cabox/workspace/flaskapp/microblog-mysql/app/mail.py:28]
2017-03-09 10:22:48,624 INFO: microblog startup [in /home/cabox/workspace/flaskapp/microblog-mysql/app/mail.py:28]
2017-03-09 10:22:51,474 INFO: microblog startup [in /home/cabox/workspace/flaskapp/microblog-mysql/app/mail.py:28]
2017-03-09 10:26:16,753 INFO: microblog startup [in /home/cabox/workspace/flaskapp/microblog-mysql/app/mail.py:28]
2017-03-09 10:26:58,006 INFO: microblog startup [in /home/cabox/workspace/flaskapp/microblog-mysql/app/mail.py:28]
2017-03-09 10:26:59,804 INFO: microblog startup [in /home/cabox/workspace/flaskapp/microblog-mysql/app/mail.py:28]
2017-03-09 10:28:08,382 INFO: microblog startup [in /home/cabox/workspace/flaskapp/microblog-mysql/app/mail.py:28]
2017-03-09 10:28:10,182 INFO: microblog startup [in /home/cabox/workspace/flaskapp/microblog-mysql/app/mail.py:28]
2017-03-09 10:40:18,386 INFO: microblog startup [in /home/cabox/workspace/flaskapp/microblog-mysql/app/mail.py:28]
2017-03-09 10:42:30,482 INFO: microblog startup [in /home/cabox/workspace/flaskapp/microblog-mysql/app/mail.py:28]
2017-03-09 10:43:29,263 INFO: microblog startup [in /home/cabox/workspace/flaskapp/microblog-mysql/app/mail.py:28]
2017-03-09 10:43:29,983 INFO: microblog startup [in /home/cabox/workspace/flaskapp/microblog-mysql/app/mail.py:28]
2017-03-09 10:44:38,539 INFO: microblog startup [in /home/cabox/workspace/flaskapp/microblog-mysql/app/mail.py:28]
2017-03-09 10:44:48,429 INFO: microblog startup [in /home/cabox/workspace/flaskapp/microblog-mysql/app/mail.py:28]
2017-03-09 10:44:58,324 INFO: microblog startup [in /home/cabox/workspace/flaskapp/microblog-mysql/app/mail.py:28]
2017-03-09 10:45:08,228 INFO: microblog startup [in /home/cabox/workspace/flaskapp/microblog-mysql/app/mail.py:28]
2017-03-09 10:45:18,161 INFO: microblog startup [in /home/cabox/workspace/flaskapp/microblog-mysql/app/mail.py:28]
2017-03-09 10:45:23,040 INFO: microblog startup [in /home/cabox/workspace/flaskapp/microblog-mysql/app/mail.py:28]
2017-03-09 10:45:52,169 INFO: microblog startup [in /home/cabox/workspace/flaskapp/microblog-mysql/app/mail.py:28]
2017-03-09 10:46:28,398 INFO: microblog startup [in /home/cabox/workspace/flaskapp/microblog-mysql/app/mail.py:28]
2017-03-09 10:46:38,299 INFO: microblog startup [in /home/cabox/workspace/flaskapp/microblog-mysql/app/mail.py:28]
2017-03-09 10:46:48,193 INFO: microblog startup [in /home/cabox/workspace/flaskapp/microblog-mysql/app/mail.py:28]
2017-03-09 10:46:58,102 INFO: microblog startup [in /home/cabox/workspace/flaskapp/microblog-mysql/app/mail.py:28]
2017-03-09 10:47:08,015 INFO: microblog startup [in /home/cabox/workspace/flaskapp/microblog-mysql/app/mail.py:28]
2017-03-09 10:47:14,876 INFO: microblog startup [in /home/cabox/workspace/flaskapp/microblog-mysql/app/mail.py:28]
2017-03-09 10:47:21,801 INFO: microblog startup [in /home/cabox/workspace/flaskapp/microblog-mysql/app/mail.py:28]
2017-03-09 10:47:36,864 INFO: microblog startup [in /home/cabox/workspace/flaskapp/microblog-mysql/app/mail.py:28]
2017-03-09 10:47:39,691 INFO: microblog startup [in /home/cabox/workspace/flaskapp/microblog-mysql/app/mail.py:28]
2017-03-09 10:47:41,537 INFO: microblog startup [in /home/cabox/workspace/flaskapp/microblog-mysql/app/mail.py:28]
2017-03-09 10:51:27,901 INFO: microblog startup [in /home/cabox/workspace/flaskapp/microblog-mysql/app/mail.py:28]
2017-03-09 10:51:48,983 INFO: microblog startup [in /home/cabox/workspace/flaskapp/microblog-mysql/app/mail.py:28]
2017-03-09 10:51:57,943 INFO: microblog startup [in /home/cabox/workspace/flaskapp/microblog-mysql/app/mail.py:28]
2017-03-09 10:52:08,890 INFO: microblog startup [in /home/cabox/workspace/flaskapp/microblog-mysql/app/mail.py:28]
2017-03-09 10:52:18,842 INFO: microblog startup [in /home/cabox/workspace/flaskapp/microblog-mysql/app/mail.py:28]
2017-03-09 10:52:24,701 INFO: microblog startup [in /home/cabox/workspace/flaskapp/microblog-mysql/app/mail.py:28]
2017-03-09 10:52:28,569 INFO: microblog startup [in /home/cabox/workspace/flaskapp/microblog-mysql/app/mail.py:28]
2017-03-09 10:52:30,410 INFO: microblog startup [in /home/cabox/workspace/flaskapp/microblog-mysql/app/mail.py:28]
2017-03-09 10:52:58,563 INFO: microblog startup [in /home/cabox/workspace/flaskapp/microblog-mysql/app/mail.py:28]
2017-03-09 10:53:08,483 INFO: microblog startup [in /home/cabox/workspace/flaskapp/microblog-mysql/app/mail.py:28]
2017-03-09 10:53:46,342 INFO: microblog startup [in /home/cabox/workspace/flaskapp/microblog-mysql/app/mail.py:28]
2017-03-09 10:53:47,109 INFO: microblog startup [in /home/cabox/workspace/flaskapp/microblog-mysql/app/mail.py:28]
2017-03-09 11:01:28,154 INFO: microblog startup [in /home/cabox/workspace/flaskapp/microblog-mysql/app/mail.py:28]
2017-03-09 11:01:43,910 INFO: microblog startup [in /home/cabox/workspace/flaskapp/microblog-mysql/app/mail.py:28]
2017-03-09 11:01:45,422 INFO: microblog startup [in /home/cabox/workspace/flaskapp/microblog-mysql/app/mail.py:28]
2017-03-09 11:02:07,980 INFO: microblog startup [in /home/cabox/workspace/flaskapp/microblog-mysql/app/mail.py:28]
2017-03-09 11:02:08,722 INFO: microblog startup [in /home/cabox/workspace/flaskapp/microblog-mysql/app/mail.py:28]
2017-03-09 11:04:38,116 INFO: microblog startup [in /home/cabox/workspace/flaskapp/microblog-mysql/app/mail.py:28]
2017-03-09 11:04:39,926 INFO: microblog startup [in /home/cabox/workspace/flaskapp/microblog-mysql/app/mail.py:28]
2017-03-09 11:06:22,879 INFO: microblog startup [in /home/cabox/workspace/flaskapp/microblog-mysql/app/mail.py:28]
2017-03-09 11:06:37,831 INFO: microblog startup [in /home/cabox/workspace/flaskapp/microblog-mysql/app/mail.py:28]
2017-03-09 11:06:57,854 INFO: microblog startup [in /home/cabox/workspace/flaskapp/microblog-mysql/app/mail.py:28]
2017-03-09 11:07:39,593 INFO: microblog startup [in /home/cabox/workspace/flaskapp/microblog-mysql/app/mail.py:28]
2017-03-09 11:07:40,345 INFO: microblog startup [in /home/cabox/workspace/flaskapp/microblog-mysql/app/mail.py:28]
2017-03-09 11:08:18,654 INFO: microblog startup [in /home/cabox/workspace/flaskapp/microblog-mysql/app/mail.py:28]
2017-03-09 11:11:48,772 INFO: microblog startup [in /home/cabox/workspace/flaskapp/microblog-mysql/app/mail.py:28]
2017-03-09 11:11:50,587 INFO: microblog startup [in /home/cabox/workspace/flaskapp/microblog-mysql/app/mail.py:28]
2017-03-09 11:14:07,897 INFO: microblog startup [in /home/cabox/workspace/flaskapp/microblog-mysql/app/mail.py:28]
2017-03-09 11:14:58,235 INFO: microblog startup [in /home/cabox/workspace/flaskapp/microblog-mysql/app/mail.py:28]
2017-03-09 11:15:08,145 INFO: microblog startup [in /home/cabox/workspace/flaskapp/microblog-mysql/app/mail.py:28]
2017-03-09 11:15:13,009 INFO: microblog startup [in /home/cabox/workspace/flaskapp/microblog-mysql/app/mail.py:28]
2017-03-09 11:15:38,111 INFO: microblog startup [in /home/cabox/workspace/flaskapp/microblog-mysql/app/mail.py:28]
2017-03-09 11:15:44,999 INFO: microblog startup [in /home/cabox/workspace/flaskapp/microblog-mysql/app/mail.py:28]
2017-03-09 11:16:08,079 INFO: microblog startup [in /home/cabox/workspace/flaskapp/microblog-mysql/app/mail.py:28]
2017-03-09 11:16:26,091 INFO: microblog startup [in /home/cabox/workspace/flaskapp/microblog-mysql/app/mail.py:28]
2017-03-09 11:16:27,945 INFO: microblog startup [in /home/cabox/workspace/flaskapp/microblog-mysql/app/mail.py:28]
2017-03-09 11:16:29,790 INFO: microblog startup [in /home/cabox/workspace/flaskapp/microblog-mysql/app/mail.py:28]
2017-03-09 11:16:36,747 INFO: microblog startup [in /home/cabox/workspace/flaskapp/microblog-mysql/app/mail.py:28]
2017-03-09 11:16:58,871 INFO: microblog startup [in /home/cabox/workspace/flaskapp/microblog-mysql/app/mail.py:28]
2017-03-09 11:23:22,038 INFO: microblog startup [in /home/cabox/workspace/flaskapp/microblog-mysql/app/mail.py:28]
2017-03-09 11:26:38,036 INFO: microblog startup [in /home/cabox/workspace/flaskapp/microblog-mysql/app/mail.py:28]
2017-03-09 11:26:47,950 INFO: microblog startup [in /home/cabox/workspace/flaskapp/microblog-mysql/app/mail.py:28]
2017-03-09 11:26:57,856 INFO: microblog startup [in /home/cabox/workspace/flaskapp/microblog-mysql/app/mail.py:28]
2017-03-09 11:27:00,689 INFO: microblog startup [in /home/cabox/workspace/flaskapp/microblog-mysql/app/mail.py:28]
2017-03-09 11:27:36,920 INFO: microblog startup [in /home/cabox/workspace/flaskapp/microblog-mysql/app/mail.py:28]
2017-03-09 11:27:38,727 INFO: microblog startup [in /home/cabox/workspace/flaskapp/microblog-mysql/app/mail.py:28]
2017-03-09 11:28:07,727 INFO: microblog startup [in /home/cabox/workspace/flaskapp/microblog-mysql/app/mail.py:28]
2017-03-09 11:28:08,459 INFO: microblog startup [in /home/cabox/workspace/flaskapp/microblog-mysql/app/mail.py:28]
2017-03-09 11:30:18,729 INFO: microblog startup [in /home/cabox/workspace/flaskapp/microblog-mysql/app/mail.py:28]
2017-03-09 11:30:28,654 INFO: microblog startup [in /home/cabox/workspace/flaskapp/microblog-mysql/app/mail.py:28]
2017-03-09 11:30:38,561 INFO: microblog startup [in /home/cabox/workspace/flaskapp/microblog-mysql/app/mail.py:28]
2017-03-09 11:30:48,494 INFO: microblog startup [in /home/cabox/workspace/flaskapp/microblog-mysql/app/mail.py:28]
2017-03-09 11:31:03,493 INFO: microblog startup [in /home/cabox/workspace/flaskapp/microblog-mysql/app/mail.py:28]
2017-03-09 11:31:28,616 INFO: microblog startup [in /home/cabox/workspace/flaskapp/microblog-mysql/app/mail.py:28]
2017-03-09 11:35:56,527 INFO: microblog startup [in /home/cabox/workspace/flaskapp/microblog-mysql/app/mail.py:28]
2017-03-09 11:35:57,303 INFO: microblog startup [in /home/cabox/workspace/flaskapp/microblog-mysql/app/mail.py:28]
2017-03-09 11:39:28,485 INFO: microblog startup [in /home/cabox/workspace/flaskapp/microblog-mysql/app/mail.py:28]
2017-03-09 11:39:31,358 INFO: microblog startup [in /home/cabox/workspace/flaskapp/microblog-mysql/app/mail.py:28]
2017-03-09 11:39:38,273 INFO: microblog startup [in /home/cabox/workspace/flaskapp/microblog-mysql/app/mail.py:28]
2017-03-09 11:39:47,186 INFO: microblog startup [in /home/cabox/workspace/flaskapp/microblog-mysql/app/mail.py:28]
2017-03-09 11:40:36,550 INFO: microblog startup [in /home/cabox/workspace/flaskapp/microblog-mysql/app/mail.py:28]
2017-03-09 11:43:48,569 INFO: microblog startup [in /home/cabox/workspace/flaskapp/microblog-mysql/app/mail.py:28]
2017-03-09 11:43:58,472 INFO: microblog startup [in /home/cabox/workspace/flaskapp/microblog-mysql/app/mail.py:28]
2017-03-09 11:45:18,160 INFO: microblog startup [in /home/cabox/workspace/flaskapp/microblog-mysql/app/mail.py:28]
2017-03-09 11:50:37,194 INFO: microblog startup [in /home/cabox/workspace/flaskapp/microblog-mysql/app/mail.py:28]
2017-03-09 11:50:41,037 INFO: microblog startup [in /home/cabox/workspace/flaskapp/microblog-mysql/app/mail.py:28]
2017-03-09 11:50:49,717 INFO: microblog startup [in /home/cabox/workspace/flaskapp/microblog-mysql/app/mail.py:28]
2017-03-09 11:50:53,772 INFO: microblog startup [in /home/cabox/workspace/flaskapp/microblog-mysql/app/mail.py:28]
2017-03-09 11:51:42,627 INFO: microblog startup [in /home/cabox/workspace/flaskapp/microblog-mysql/app/mail.py:28]
2017-03-09 11:51:48,479 INFO: microblog startup [in /home/cabox/workspace/flaskapp/microblog-mysql/app/mail.py:28]
2017-03-09 11:51:49,218 INFO: microblog startup [in /home/cabox/workspace/flaskapp/microblog-mysql/app/mail.py:28]
2017-03-09 11:53:48,319 INFO: microblog startup [in /home/cabox/workspace/flaskapp/microblog-mysql/app/mail.py:28]
2017-03-09 11:53:58,216 INFO: microblog startup [in /home/cabox/workspace/flaskapp/microblog-mysql/app/mail.py:28]
2017-03-09 11:54:13,848 INFO: microblog startup [in /home/cabox/workspace/flaskapp/microblog-mysql/app/mail.py:28]
2017-03-09 11:54:14,591 INFO: microblog startup [in /home/cabox/workspace/flaskapp/microblog-mysql/app/mail.py:28]
2017-03-09 11:55:25,199 INFO: microblog startup [in /home/cabox/workspace/flaskapp/microblog-mysql/app/mail.py:28]
2017-03-09 11:55:27,021 INFO: microblog startup [in /home/cabox/workspace/flaskapp/microblog-mysql/app/mail.py:28]
2017-03-09 11:56:48,706 INFO: microblog startup [in /home/cabox/workspace/flaskapp/microblog-mysql/app/mail.py:28]
2017-03-09 11:57:51,567 INFO: microblog startup [in /home/cabox/workspace/flaskapp/microblog-mysql/app/mail.py:28]
2017-03-09 11:57:52,375 INFO: microblog startup [in /home/cabox/workspace/flaskapp/microblog-mysql/app/mail.py:28]
2017-03-09 12:04:16,373 INFO: microblog startup [in /home/cabox/workspace/flaskapp/microblog-mysql/app/mail.py:28]
2017-03-09 12:04:26,302 INFO: microblog startup [in /home/cabox/workspace/flaskapp/microblog-mysql/app/mail.py:28]
2017-03-09 12:04:34,186 INFO: microblog startup [in /home/cabox/workspace/flaskapp/microblog-mysql/app/mail.py:28]
2017-03-09 12:04:40,042 INFO: microblog startup [in /home/cabox/workspace/flaskapp/microblog-mysql/app/mail.py:28]
2017-03-09 12:05:38,492 INFO: microblog startup [in /home/cabox/workspace/flaskapp/microblog-mysql/app/mail.py:28]
2017-03-09 12:09:13,592 INFO: microblog startup [in /home/cabox/workspace/flaskapp/microblog-mysql/app/mail.py:28]
2017-03-09 12:09:14,344 INFO: microblog startup [in /home/cabox/workspace/flaskapp/microblog-mysql/app/mail.py:28]
2017-03-09 12:15:08,093 INFO: microblog startup [in /home/cabox/workspace/flaskapp/microblog-mysql/app/mail.py:28]
2017-03-09 12:15:17,999 INFO: microblog startup [in /home/cabox/workspace/flaskapp/microblog-mysql/app/mail.py:28]
2017-03-09 12:15:27,948 INFO: microblog startup [in /home/cabox/workspace/flaskapp/microblog-mysql/app/mail.py:28]
2017-03-09 12:15:37,835 INFO: microblog startup [in /home/cabox/workspace/flaskapp/microblog-mysql/app/mail.py:28]
2017-03-09 12:17:08,655 INFO: microblog startup [in /home/cabox/workspace/flaskapp/microblog-mysql/app/mail.py:28]
2017-03-09 12:17:11,473 INFO: microblog startup [in /home/cabox/workspace/flaskapp/microblog-mysql/app/mail.py:28]
2017-03-09 12:18:38,224 INFO: microblog startup [in /home/cabox/workspace/flaskapp/microblog-mysql/app/mail.py:28]
2017-03-09 12:18:43,110 INFO: microblog startup [in /home/cabox/workspace/flaskapp/microblog-mysql/app/mail.py:28]
2017-03-09 12:19:18,339 INFO: microblog startup [in /home/cabox/workspace/flaskapp/microblog-mysql/app/mail.py:28]
2017-03-09 12:19:20,206 INFO: microblog startup [in /home/cabox/workspace/flaskapp/microblog-mysql/app/mail.py:28]
2017-03-09 12:19:38,210 INFO: microblog startup [in /home/cabox/workspace/flaskapp/microblog-mysql/app/mail.py:28]
2017-03-09 12:19:40,026 INFO: microblog startup [in /home/cabox/workspace/flaskapp/microblog-mysql/app/mail.py:28]
2017-03-09 12:20:24,330 INFO: microblog startup [in /home/cabox/workspace/flaskapp/microblog-mysql/app/mail.py:28]
2017-03-09 12:20:28,190 INFO: microblog startup [in /home/cabox/workspace/flaskapp/microblog-mysql/app/mail.py:28]
2017-03-09 12:20:36,056 INFO: microblog startup [in /home/cabox/workspace/flaskapp/microblog-mysql/app/mail.py:28]
2017-03-09 12:20:47,981 INFO: microblog startup [in /home/cabox/workspace/flaskapp/microblog-mysql/app/mail.py:28]
2017-03-09 12:20:49,804 INFO: microblog startup [in /home/cabox/workspace/flaskapp/microblog-mysql/app/mail.py:28]
2017-03-09 12:20:57,725 INFO: microblog startup [in /home/cabox/workspace/flaskapp/microblog-mysql/app/mail.py:28]
2017-03-09 12:21:34,442 INFO: microblog startup [in /home/cabox/workspace/flaskapp/microblog-mysql/app/mail.py:28]
2017-03-09 12:21:35,200 INFO: microblog startup [in /home/cabox/workspace/flaskapp/microblog-mysql/app/mail.py:28]
2017-03-09 12:25:33,660 INFO: microblog startup [in /home/cabox/workspace/flaskapp/microblog-mysql/app/mail.py:28]
2017-03-09 12:25:34,396 INFO: microblog startup [in /home/cabox/workspace/flaskapp/microblog-mysql/app/mail.py:28]
2017-03-09 12:26:32,750 INFO: microblog startup [in app/mail.py:28]
2017-03-09 12:29:10,873 INFO: microblog startup [in /home/cabox/workspace/flaskapp/microblog-mysql/app/mail.py:28]
2017-03-09 12:29:11,652 INFO: microblog startup [in /home/cabox/workspace/flaskapp/microblog-mysql/app/mail.py:28]
2017-03-09 12:29:15,497 INFO: microblog startup [in /home/cabox/workspace/flaskapp/microblog-mysql/app/mail.py:28]
2017-03-09 12:29:33,484 INFO: microblog startup [in /home/cabox/workspace/flaskapp/microblog-mysql/app/mail.py:28]
2017-03-09 12:37:32,608 INFO: microblog startup [in /home/cabox/workspace/flaskapp/microblog-mysql/app/mail.py:28]
2017-03-09 12:37:57,697 INFO: microblog startup [in /home/cabox/workspace/flaskapp/microblog-mysql/app/mail.py:28]
2017-03-09 12:41:05,730 INFO: microblog startup [in /home/cabox/workspace/flaskapp/microblog-mysql/app/mail.py:28]
2017-03-09 12:41:21,533 INFO: microblog startup [in /home/cabox/workspace/flaskapp/microblog-mysql/app/mail.py:28]
2017-03-09 12:41:22,305 INFO: microblog startup [in /home/cabox/workspace/flaskapp/microblog-mysql/app/mail.py:28]
2017-03-09 12:41:46,870 INFO: microblog startup [in /home/cabox/workspace/flaskapp/microblog-mysql/app/mail.py:28]
2017-03-09 12:41:47,601 INFO: microblog startup [in /home/cabox/workspace/flaskapp/microblog-mysql/app/mail.py:28]
2017-03-09 12:43:03,256 INFO: microblog startup [in /home/cabox/workspace/flaskapp/microblog-mysql/app/mail.py:28]
2017-03-09 12:43:20,006 INFO: microblog startup [in /home/cabox/workspace/flaskapp/microblog-mysql/app/mail.py:28]
2017-03-09 12:43:20,782 INFO: microblog startup [in /home/cabox/workspace/flaskapp/microblog-mysql/app/mail.py:28]
2017-03-09 12:44:23,330 INFO: microblog startup [in /home/cabox/workspace/flaskapp/microblog-mysql/app/mail.py:28]
2017-03-09 12:44:33,272 INFO: microblog startup [in /home/cabox/workspace/flaskapp/microblog-mysql/app/mail.py:28]
2017-03-09 12:44:49,154 INFO: microblog startup [in /home/cabox/workspace/flaskapp/microblog-mysql/app/mail.py:28]
2017-03-09 12:44:49,955 INFO: microblog startup [in /home/cabox/workspace/flaskapp/microblog-mysql/app/mail.py:28]
2017-03-09 12:46:22,794 INFO: microblog startup [in /home/cabox/workspace/flaskapp/microblog-mysql/app/mail.py:28]
2017-03-09 12:46:43,822 INFO: microblog startup [in /home/cabox/workspace/flaskapp/microblog-mysql/app/mail.py:28]
2017-03-09 12:46:53,709 INFO: microblog startup [in /home/cabox/workspace/flaskapp/microblog-mysql/app/mail.py:28]
2017-03-09 12:46:56,552 INFO: microblog startup [in /home/cabox/workspace/flaskapp/microblog-mysql/app/mail.py:28]
2017-03-09 12:53:03,386 INFO: microblog startup [in /home/cabox/workspace/flaskapp/microblog-mysql/app/mail.py:28]
2017-03-09 12:53:13,316 INFO: microblog startup [in /home/cabox/workspace/flaskapp/microblog-mysql/app/mail.py:28]
2017-03-09 12:53:53,043 INFO: microblog startup [in /home/cabox/workspace/flaskapp/microblog-mysql/app/mail.py:28]
2017-03-09 12:53:53,798 INFO: microblog startup [in /home/cabox/workspace/flaskapp/microblog-mysql/app/mail.py:28]
2017-03-09 13:05:23,182 INFO: microblog startup [in /home/cabox/workspace/flaskapp/microblog-mysql/app/mail.py:28]
2017-03-09 13:05:33,163 INFO: microblog startup [in /home/cabox/workspace/flaskapp/microblog-mysql/app/mail.py:28]
2017-03-09 13:05:39,053 INFO: microblog startup [in /home/cabox/workspace/flaskapp/microblog-mysql/app/mail.py:28]
2017-03-09 13:06:50,698 INFO: microblog startup [in /home/cabox/workspace/flaskapp/microblog-mysql/app/mail.py:28]
2017-03-09 13:09:54,266 INFO: microblog startup [in /home/cabox/workspace/flaskapp/microblog-mysql/app/mail.py:28]
2017-03-09 13:09:55,018 INFO: microblog startup [in /home/cabox/workspace/flaskapp/microblog-mysql/app/mail.py:28]
2017-03-09 13:12:33,583 INFO: microblog startup [in /home/cabox/workspace/flaskapp/microblog-mysql/app/mail.py:28]
2017-03-09 13:12:35,405 INFO: microblog startup [in /home/cabox/workspace/flaskapp/microblog-mysql/app/mail.py:28]
2017-03-09 13:13:20,722 INFO: microblog startup [in /home/cabox/workspace/flaskapp/microblog-mysql/app/mail.py:28]
2017-03-09 13:13:23,561 INFO: microblog startup [in /home/cabox/workspace/flaskapp/microblog-mysql/app/mail.py:28]
2017-03-09 13:25:43,628 INFO: microblog startup [in /home/cabox/workspace/flaskapp/microblog-mysql/app/mail.py:28]
2017-03-09 13:25:47,466 INFO: microblog startup [in /home/cabox/workspace/flaskapp/microblog-mysql/app/mail.py:28]
2017-03-09 13:25:51,306 INFO: microblog startup [in /home/cabox/workspace/flaskapp/microblog-mysql/app/mail.py:28]
2017-03-09 13:26:32,575 INFO: microblog startup [in /home/cabox/workspace/flaskapp/microblog-mysql/app/mail.py:28]
2017-03-09 13:27:43,459 INFO: microblog startup [in /home/cabox/workspace/flaskapp/microblog-mysql/app/mail.py:28]
2017-03-09 13:27:44,243 INFO: microblog startup [in /home/cabox/workspace/flaskapp/microblog-mysql/app/mail.py:28]
2017-03-09 13:30:22,809 INFO: microblog startup [in /home/cabox/workspace/flaskapp/microblog-mysql/app/mail.py:28]
2017-03-09 13:30:31,699 INFO: microblog startup [in /home/cabox/workspace/flaskapp/microblog-mysql/app/mail.py:28]
2017-03-09 13:33:33,488 INFO: microblog startup [in /home/cabox/workspace/flaskapp/microblog-mysql/app/mail.py:28]
2017-03-09 13:38:53,084 INFO: microblog startup [in /home/cabox/workspace/flaskapp/microblog-mysql/app/mail.py:28]
2017-03-09 13:55:05,269 INFO: microblog startup [in /home/cabox/workspace/flaskapp/microblog-mysql/app/mail.py:28]
2017-03-09 13:55:07,288 INFO: microblog startup [in /home/cabox/workspace/flaskapp/microblog-mysql/app/mail.py:28]
2017-03-09 13:58:04,139 INFO: microblog startup [in /home/cabox/workspace/flaskapp/microblog-mysql/app/mail.py:28]
2017-03-09 13:58:19,218 INFO: microblog startup [in /home/cabox/workspace/flaskapp/microblog-mysql/app/mail.py:28]
2017-03-09 13:58:19,960 INFO: microblog startup [in /home/cabox/workspace/flaskapp/microblog-mysql/app/mail.py:28]
2017-03-09 13:59:32,675 INFO: microblog startup [in /home/cabox/workspace/flaskapp/microblog-mysql/app/mail.py:28]
2017-03-09 13:59:35,513 INFO: microblog startup [in /home/cabox/workspace/flaskapp/microblog-mysql/app/mail.py:28]
2017-03-09 14:02:08,083 INFO: microblog startup [in /home/cabox/workspace/flaskapp/microblog-mysql/app/mail.py:28]
2017-03-09 14:02:19,080 INFO: microblog startup [in /home/cabox/workspace/flaskapp/microblog-mysql/app/mail.py:28]
2017-03-09 14:02:33,071 INFO: microblog startup [in /home/cabox/workspace/flaskapp/microblog-mysql/app/mail.py:28]
2017-03-09 14:02:48,046 INFO: microblog startup [in /home/cabox/workspace/flaskapp/microblog-mysql/app/mail.py:28]
2017-03-09 14:04:53,283 INFO: microblog startup [in /home/cabox/workspace/flaskapp/microblog-mysql/app/mail.py:28]
2017-03-09 14:11:35,619 INFO: microblog startup [in /home/cabox/workspace/flaskapp/microblog-mysql/app/mail.py:28]
2017-03-09 14:12:44,865 INFO: microblog startup [in /home/cabox/workspace/flaskapp/microblog-mysql/app/mail.py:28]
2017-03-09 14:13:04,524 INFO: microblog startup [in /home/cabox/workspace/flaskapp/microblog-mysql/app/mail.py:28]
2017-03-09 14:13:36,550 INFO: microblog startup [in /home/cabox/workspace/flaskapp/microblog-mysql/app/mail.py:28]
2017-03-09 14:13:37,338 INFO: microblog startup [in /home/cabox/workspace/flaskapp/microblog-mysql/app/mail.py:28]
2017-03-09 14:14:00,401 INFO: microblog startup [in /home/cabox/workspace/flaskapp/microblog-mysql/app/mail.py:28]
2017-03-09 14:14:10,336 INFO: microblog startup [in /home/cabox/workspace/flaskapp/microblog-mysql/app/mail.py:28]
2017-03-09 14:15:51,089 INFO: microblog startup [in app/mail.py:28]
2017-03-09 15:08:04,555 INFO: microblog startup [in /home/cabox/workspace/flaskapp/microblog-mysql/app/mail.py:28]
2017-03-09 15:08:05,300 INFO: microblog startup [in /home/cabox/workspace/flaskapp/microblog-mysql/app/mail.py:28]
2017-03-09 15:09:03,797 INFO: microblog startup [in /home/cabox/workspace/flaskapp/microblog-mysql/app/mail.py:28]
2017-03-09 15:12:26,905 INFO: microblog startup [in /home/cabox/workspace/flaskapp/microblog-mysql/app/mail.py:28]
2017-03-09 15:12:36,819 INFO: microblog startup [in /home/cabox/workspace/flaskapp/microblog-mysql/app/mail.py:28]
2017-03-09 15:12:44,755 INFO: microblog startup [in /home/cabox/workspace/flaskapp/microblog-mysql/app/mail.py:28]
2017-03-09 15:12:55,658 INFO: microblog startup [in /home/cabox/workspace/flaskapp/microblog-mysql/app/mail.py:28]
2017-03-09 15:12:58,519 INFO: microblog startup [in /home/cabox/workspace/flaskapp/microblog-mysql/app/mail.py:28]
2017-03-09 15:15:18,923 INFO: microblog startup [in /home/cabox/workspace/flaskapp/microblog-mysql/app/mail.py:28]
2017-03-09 15:17:57,535 INFO: microblog startup [in /home/cabox/workspace/flaskapp/microblog-mysql/app/mail.py:28]
2017-03-09 15:17:59,400 INFO: microblog startup [in /home/cabox/workspace/flaskapp/microblog-mysql/app/mail.py:28]
2017-03-09 15:19:41,420 INFO: microblog startup [in /home/cabox/workspace/flaskapp/microblog-mysql/app/mail.py:28]
2017-03-09 15:21:52,718 INFO: microblog startup [in /home/cabox/workspace/flaskapp/microblog-mysql/app/mail.py:28]
2017-03-09 15:22:03,638 INFO: microblog startup [in /home/cabox/workspace/flaskapp/microblog-mysql/app/mail.py:28]
2017-03-09 15:23:15,241 INFO: microblog startup [in /home/cabox/workspace/flaskapp/microblog-mysql/app/mail.py:28]
2017-03-09 15:27:44,026 INFO: microblog startup [in /home/cabox/workspace/flaskapp/microblog-mysql/app/mail.py:28]
2017-03-09 15:43:51,114 INFO: microblog startup [in /home/cabox/workspace/flaskapp/microblog-mysql/app/mail.py:28]
2017-03-09 15:44:22,293 INFO: microblog startup [in /home/cabox/workspace/flaskapp/microblog-mysql/app/mail.py:28]
2017-03-09 15:51:09,513 INFO: microblog startup [in /home/cabox/workspace/flaskapp/microblog-mysql/app/mail.py:28]
2017-03-09 15:51:40,783 INFO: microblog startup [in /home/cabox/workspace/flaskapp/microblog-mysql/app/mail.py:28]
2017-03-09 15:51:41,585 INFO: microblog startup [in /home/cabox/workspace/flaskapp/microblog-mysql/app/mail.py:28]
2017-03-09 15:52:31,991 INFO: microblog startup [in /home/cabox/workspace/flaskapp/microblog-mysql/app/mail.py:28]
2017-03-09 15:52:44,928 INFO: microblog startup [in /home/cabox/workspace/flaskapp/microblog-mysql/app/mail.py:28]
2017-03-09 16:01:42,892 INFO: microblog startup [in /home/cabox/workspace/flaskapp/microblog-mysql/app/mail.py:28]
2017-03-09 16:01:52,819 INFO: microblog startup [in /home/cabox/workspace/flaskapp/microblog-mysql/app/mail.py:28]
2017-03-09 16:02:01,728 INFO: microblog startup [in /home/cabox/workspace/flaskapp/microblog-mysql/app/mail.py:28]
2017-03-09 16:02:12,651 INFO: microblog startup [in /home/cabox/workspace/flaskapp/microblog-mysql/app/mail.py:28]
2017-03-09 16:02:14,490 INFO: microblog startup [in /home/cabox/workspace/flaskapp/microblog-mysql/app/mail.py:28]
2017-03-09 16:15:42,545 INFO: microblog startup [in /home/cabox/workspace/flaskapp/microblog-mysql/app/mail.py:28]
2017-03-09 16:15:52,569 INFO: microblog startup [in /home/cabox/workspace/flaskapp/microblog-mysql/app/mail.py:28]
2017-03-09 16:16:02,486 INFO: microblog startup [in /home/cabox/workspace/flaskapp/microblog-mysql/app/mail.py:28]
2017-03-09 16:16:22,549 INFO: microblog startup [in /home/cabox/workspace/flaskapp/microblog-mysql/app/mail.py:28]
2017-03-09 16:16:32,454 INFO: microblog startup [in /home/cabox/workspace/flaskapp/microblog-mysql/app/mail.py:28]
2017-03-09 16:17:40,334 INFO: microblog startup [in /home/cabox/workspace/flaskapp/microblog-mysql/app/mail.py:28]
2017-03-09 16:17:41,106 INFO: microblog startup [in /home/cabox/workspace/flaskapp/microblog-mysql/app/mail.py:28]
2017-03-09 16:18:04,165 INFO: microblog startup [in /home/cabox/workspace/flaskapp/microblog-mysql/app/mail.py:28]
2017-03-09 16:20:02,279 INFO: microblog startup [in /home/cabox/workspace/flaskapp/microblog-mysql/app/mail.py:28]
2017-03-09 16:20:12,307 INFO: microblog startup [in /home/cabox/workspace/flaskapp/microblog-mysql/app/mail.py:28]
2017-03-09 16:21:29,702 INFO: microblog startup [in /home/cabox/workspace/flaskapp/microblog-mysql/app/mail.py:28]
2017-03-09 16:22:32,470 INFO: microblog startup [in /home/cabox/workspace/flaskapp/microblog-mysql/app/mail.py:28]
2017-03-09 16:22:33,213 INFO: microblog startup [in /home/cabox/workspace/flaskapp/microblog-mysql/app/mail.py:28]
2017-03-09 16:23:12,457 INFO: microblog startup [in /home/cabox/workspace/flaskapp/microblog-mysql/app/mail.py:28]
2017-03-09 16:23:14,287 INFO: microblog startup [in /home/cabox/workspace/flaskapp/microblog-mysql/app/mail.py:28]
2017-03-09 16:23:52,631 INFO: microblog startup [in /home/cabox/workspace/flaskapp/microblog-mysql/app/mail.py:28]
2017-03-09 16:23:55,485 INFO: microblog startup [in /home/cabox/workspace/flaskapp/microblog-mysql/app/mail.py:28]
2017-03-09 16:24:02,358 INFO: microblog startup [in /home/cabox/workspace/flaskapp/microblog-mysql/app/mail.py:28]
2017-03-09 16:24:04,194 INFO: microblog startup [in /home/cabox/workspace/flaskapp/microblog-mysql/app/mail.py:28]
2017-03-09 16:24:32,344 INFO: microblog startup [in /home/cabox/workspace/flaskapp/microblog-mysql/app/mail.py:28]
2017-03-09 16:24:35,185 INFO: microblog startup [in /home/cabox/workspace/flaskapp/microblog-mysql/app/mail.py:28]
2017-03-09 16:24:38,036 INFO: microblog startup [in /home/cabox/workspace/flaskapp/microblog-mysql/app/mail.py:28]
2017-03-09 16:25:12,196 INFO: microblog startup [in /home/cabox/workspace/flaskapp/microblog-mysql/app/mail.py:28]
2017-03-09 16:25:15,011 INFO: microblog startup [in /home/cabox/workspace/flaskapp/microblog-mysql/app/mail.py:28]
2017-03-09 16:25:21,896 INFO: microblog startup [in /home/cabox/workspace/flaskapp/microblog-mysql/app/mail.py:28]
2017-03-09 16:25:28,798 INFO: microblog startup [in /home/cabox/workspace/flaskapp/microblog-mysql/app/mail.py:28]
2017-03-09 16:25:52,875 INFO: microblog startup [in /home/cabox/workspace/flaskapp/microblog-mysql/app/mail.py:28]
2017-03-09 16:31:12,281 INFO: microblog startup [in /home/cabox/workspace/flaskapp/microblog-mysql/app/mail.py:28]
2017-03-09 16:31:22,217 INFO: microblog startup [in /home/cabox/workspace/flaskapp/microblog-mysql/app/mail.py:28]
2017-03-09 16:43:49,630 INFO: microblog startup [in /home/cabox/workspace/flaskapp/microblog-mysql/app/mail.py:28]
2017-03-09 16:45:58,512 INFO: microblog startup [in /home/cabox/workspace/flaskapp/microblog-mysql/app/mail.py:28]
2017-03-09 16:46:35,299 INFO: microblog startup [in /home/cabox/workspace/flaskapp/microblog-mysql/app/mail.py:28]
2017-03-09 16:50:04,616 INFO: microblog startup [in /home/cabox/workspace/flaskapp/microblog-mysql/app/mail.py:28]
2017-03-09 16:50:10,662 INFO: microblog startup [in /home/cabox/workspace/flaskapp/microblog-mysql/app/mail.py:28]
2017-03-09 16:50:11,461 INFO: microblog startup [in /home/cabox/workspace/flaskapp/microblog-mysql/app/mail.py:28]
2017-03-09 16:50:44,657 INFO: microblog startup [in /home/cabox/workspace/flaskapp/microblog-mysql/app/mail.py:28]
2017-03-09 16:52:32,726 INFO: microblog startup [in /home/cabox/workspace/flaskapp/microblog-mysql/app/mail.py:28]
2017-03-09 16:53:43,216 INFO: microblog startup [in /home/cabox/workspace/flaskapp/microblog-mysql/app/mail.py:28]
2017-03-09 16:53:44,005 INFO: microblog startup [in /home/cabox/workspace/flaskapp/microblog-mysql/app/mail.py:28]
2017-03-09 16:54:24,319 INFO: microblog startup [in /home/cabox/workspace/flaskapp/microblog-mysql/app/mail.py:28]
2017-03-09 16:55:00,558 INFO: microblog startup [in /home/cabox/workspace/flaskapp/microblog-mysql/app/mail.py:28]
2017-03-09 16:56:06,136 INFO: microblog startup [in /home/cabox/workspace/flaskapp/microblog-mysql/app/mail.py:28]
2017-03-09 16:57:22,839 INFO: microblog startup [in /home/cabox/workspace/flaskapp/microblog-mysql/app/mail.py:28]
2017-03-09 16:57:32,765 INFO: microblog startup [in /home/cabox/workspace/flaskapp/microblog-mysql/app/mail.py:28]
2017-03-09 16:57:42,698 INFO: microblog startup [in /home/cabox/workspace/flaskapp/microblog-mysql/app/mail.py:28]
2017-03-09 17:00:17,308 INFO: microblog startup [in /home/cabox/workspace/flaskapp/microblog-mysql/app/mail.py:28]
2017-03-09 17:00:18,093 INFO: microblog startup [in /home/cabox/workspace/flaskapp/microblog-mysql/app/mail.py:28]
2017-03-09 17:01:03,424 INFO: microblog startup [in /home/cabox/workspace/flaskapp/microblog-mysql/app/mail.py:28]
2017-03-09 17:01:42,704 INFO: microblog startup [in /home/cabox/workspace/flaskapp/microblog-mysql/app/mail.py:28]
2017-03-09 17:01:52,712 INFO: microblog startup [in /home/cabox/workspace/flaskapp/microblog-mysql/app/mail.py:28]
2017-03-09 17:02:06,489 INFO: microblog startup [in /home/cabox/workspace/flaskapp/microblog-mysql/app/mail.py:28]
2017-03-09 17:02:07,278 INFO: microblog startup [in /home/cabox/workspace/flaskapp/microblog-mysql/app/mail.py:28]
2017-03-09 17:05:21,297 INFO: microblog startup [in /home/cabox/workspace/flaskapp/microblog-mysql/app/mail.py:28]
2017-03-09 17:05:28,290 INFO: microblog startup [in /home/cabox/workspace/flaskapp/microblog-mysql/app/mail.py:28]
2017-03-09 17:08:09,963 INFO: microblog startup [in /home/cabox/workspace/flaskapp/microblog-mysql/app/mail.py:28]
2017-03-09 17:10:12,259 INFO: microblog startup [in /home/cabox/workspace/flaskapp/microblog-mysql/app/mail.py:28]
2017-03-09 17:10:17,208 INFO: microblog startup [in /home/cabox/workspace/flaskapp/microblog-mysql/app/mail.py:28]
2017-03-09 17:12:24,541 INFO: microblog startup [in /home/cabox/workspace/flaskapp/microblog-mysql/app/mail.py:28]
2017-03-09 17:13:09,944 INFO: microblog startup [in /home/cabox/workspace/flaskapp/microblog-mysql/app/mail.py:28]
2017-03-09 17:13:42,164 INFO: microblog startup [in /home/cabox/workspace/flaskapp/microblog-mysql/app/mail.py:28]
2017-03-09 17:13:52,146 INFO: microblog startup [in /home/cabox/workspace/flaskapp/microblog-mysql/app/mail.py:28]
2017-03-09 17:14:02,125 INFO: microblog startup [in /home/cabox/workspace/flaskapp/microblog-mysql/app/mail.py:28]
2017-03-09 17:14:06,036 INFO: microblog startup [in /home/cabox/workspace/flaskapp/microblog-mysql/app/mail.py:28]
2017-03-09 17:23:58,792 INFO: microblog startup [in /home/cabox/workspace/flaskapp/microblog-mysql/app/mail.py:28]
2017-03-09 17:24:00,669 INFO: microblog startup [in /home/cabox/workspace/flaskapp/microblog-mysql/app/mail.py:28]
2017-03-09 17:24:03,560 INFO: microblog startup [in /home/cabox/workspace/flaskapp/microblog-mysql/app/mail.py:28]
2017-03-09 17:38:56,857 INFO: microblog startup [in /home/cabox/workspace/flaskapp/microblog-mysql/app/mail.py:28]
2017-03-10 12:02:56,982 INFO: microblog startup [in /home/cabox/workspace/microblog-mysql/app/mail.py:28]
2017-03-10 12:03:06,729 INFO: microblog startup [in /home/cabox/workspace/microblog-mysql/app/mail.py:28]
2017-03-10 12:03:20,095 INFO: microblog startup [in /home/cabox/workspace/microblog-mysql/app/mail.py:28]
2017-03-10 12:03:41,551 INFO: microblog startup [in /home/cabox/workspace/microblog-mysql/app/mail.py:28]
2017-03-10 12:03:41,997 INFO: microblog startup [in /home/cabox/workspace/microblog-mysql/app/mail.py:28]
2017-03-10 12:10:08,664 INFO: microblog startup [in /home/cabox/workspace/microblog-mysql/app/mail.py:28]
2017-03-10 12:10:09,094 INFO: microblog startup [in /home/cabox/workspace/microblog-mysql/app/mail.py:28]
2017-03-10 12:12:07,233 INFO: microblog startup [in /home/cabox/workspace/microblog-mysql/app/mail.py:28]
2017-03-10 12:14:43,064 INFO: microblog startup [in /home/cabox/workspace/microblog-mysql/app/mail.py:28]
2017-03-10 12:14:43,514 INFO: microblog startup [in /home/cabox/workspace/microblog-mysql/app/mail.py:28]
2017-03-10 12:50:21,837 INFO: microblog startup [in /home/cabox/workspace/microblog-mysql/app/mail.py:28]
2017-03-10 12:50:22,434 INFO: microblog startup [in /home/cabox/workspace/microblog-mysql/app/mail.py:28]
